TN:
SF:/Users/victoringman/Development/Shell/fladdermusen/gc.c
FN:15,print_stack
FNDA:0,print_stack
FNF:1
FNH:0
DA:17,0
DA:19,0
DA:21,0
DA:22,0
DA:24,0
DA:26,0
DA:27,0
DA:34,0
DA:46,0
DA:47,0
DA:48,0
DA:49,0
DA:50,0
DA:51,0
DA:53,0
DA:54,0
DA:55,0
DA:56,0
DA:57,0
DA:58,0
DA:60,0
DA:61,0
DA:63,0
LF:23
LH:0
end_of_record
TN:
SF:/Users/victoringman/Development/Shell/fladdermusen/gc_test.c
FN:18,init_suite
FN:26,clean_suite
FN:31,testGETPOINTERSWITHINOBJECT
FN:46,test_object_metadata
FN:61,test_metadata_check
FN:66,test_pointers_inside_multiple_pointers_struct
FN:71,test_set_metadata_check
FN:77,test_is_valid_object_false
FN:82,test_is_valid_object_true
FN:96,testINITHEAP
FN:111,testDELETEHEAP
FN:116,testTRAVERSESTRUCT
FN:184,testEMPTYPOINTERLIST
FN:193,testEMPTYLISTRTRAVERSE
FN:203,testPrint
FN:208,test_fs_get_object_size
FN:218,test_pointers_within_object
FN:226,testTRAVERSE_LL_HEAP
FN:254,testTRAVERSE
FN:276,test_is_pointing_at_heap
FN:286,test_get_alive_stack_pointers
FN:306,test_get_stack_top
FN:312,main
FNDA:3,init_suite
FNDA:3,clean_suite
FNDA:1,testGETPOINTERSWITHINOBJECT
FNDA:1,test_object_metadata
FNDA:1,test_metadata_check
FNDA:1,test_pointers_inside_multiple_pointers_struct
FNDA:1,test_set_metadata_check
FNDA:1,test_is_valid_object_false
FNDA:1,test_is_valid_object_true
FNDA:1,testINITHEAP
FNDA:0,testDELETEHEAP
FNDA:1,testTRAVERSESTRUCT
FNDA:1,testEMPTYPOINTERLIST
FNDA:1,testEMPTYLISTRTRAVERSE
FNDA:0,testPrint
FNDA:1,test_fs_get_object_size
FNDA:1,test_pointers_within_object
FNDA:1,testTRAVERSE_LL_HEAP
FNDA:1,testTRAVERSE
FNDA:1,test_is_pointing_at_heap
FNDA:1,test_get_alive_stack_pointers
FNDA:1,test_get_stack_top
FNDA:1,main
FNF:23
FNH:21
DA:21,3
DA:22,3
DA:23,3
DA:28,3
DA:33,1
DA:34,1
DA:36,1
DA:38,1
DA:39,1
DA:41,1
DA:42,1
DA:44,1
DA:47,1
DA:48,1
DA:49,1
DA:50,1
DA:51,1
DA:53,5
DA:59,1
DA:62,1
DA:63,1
DA:64,1
DA:67,1
DA:68,1
DA:69,1
DA:72,1
DA:73,1
DA:74,1
DA:75,1
DA:78,1
DA:79,1
DA:80,1
DA:83,1
DA:84,1
DA:85,1
DA:86,1
DA:87,1
DA:97,1
DA:99,7
DA:107,1
DA:110,1
DA:112,0
DA:118,1
DA:120,1
DA:121,1
DA:122,1
DA:123,1
DA:125,1
DA:126,1
DA:127,1
DA:128,1
DA:131,1
DA:132,1
DA:133,1
DA:134,1
DA:135,1
DA:136,1
DA:137,1
DA:138,1
DA:140,1
DA:141,1
DA:142,1
DA:144,1
DA:145,1
DA:146,1
DA:148,1
DA:149,1
DA:150,1
DA:152,1
DA:153,1
DA:154,1
DA:156,1
DA:157,1
DA:158,1
DA:159,1
DA:161,1
DA:162,1
DA:163,1
DA:164,1
DA:166,1
DA:167,1
DA:168,1
DA:169,1
DA:171,1
DA:172,1
DA:173,1
DA:174,1
DA:175,1
DA:176,1
DA:177,1
DA:178,1
DA:180,1
DA:182,1
DA:186,1
DA:187,1
DA:189,1
DA:191,1
DA:195,1
DA:196,1
DA:197,1
DA:199,1
DA:201,1
DA:204,0
DA:205,0
DA:210,1
DA:211,1
DA:212,1
DA:213,1
DA:214,1
DA:216,1
DA:220,1
DA:221,1
DA:222,1
DA:224,1
DA:228,1
DA:230,1
DA:231,1
DA:232,1
DA:233,1
DA:236,1
DA:237,1
DA:238,1
DA:239,1
DA:241,1
DA:242,1
DA:243,1
DA:244,1
DA:246,1
DA:247,1
DA:249,1
DA:250,1
DA:252,1
DA:256,1
DA:258,1
DA:259,1
DA:260,1
DA:261,1
DA:263,1
DA:264,1
DA:265,1
DA:266,1
DA:268,1
DA:269,1
DA:270,1
DA:271,1
DA:273,1
DA:274,1
DA:277,1
DA:278,1
DA:280,1
DA:281,1
DA:283,1
DA:284,1
DA:287,1
DA:288,1
DA:289,1
DA:291,1
DA:292,1
DA:293,1
DA:294,1
DA:295,1
DA:297,1
DA:298,1
DA:299,1
DA:300,1
DA:301,1
DA:303,1
DA:304,1
DA:307,1
DA:308,1
DA:309,1
DA:314,1
DA:315,1
DA:316,1
DA:319,1
DA:320,0
DA:324,1
DA:325,1
DA:326,1
DA:328,3
DA:329,0
DA:330,0
DA:333,2
DA:334,1
DA:335,1
DA:336,1
DA:337,1
DA:338,1
DA:339,1
DA:340,1
DA:341,1
DA:342,1
DA:343,1
DA:344,1
DA:345,1
DA:346,1
DA:347,1
DA:348,1
DA:349,1
DA:350,1
DA:351,0
DA:352,0
DA:356,1
DA:357,1
DA:358,1
DA:359,1
DA:363,1
DA:365,1
LF:208
LH:200
end_of_record
TN:
SF:/Users/victoringman/Development/Shell/fladdermusen/heap.c
FN:9,h_init
FN:56,h_delete
FN:62,h_avail
FN:66,h_used
FN:70,get_heap_start
FN:74,get_heap_end
FN:91,fs_calculate_size
FN:149,post_compact_page_reset
FN:179,get_allocation_page
FN:244,h_alloc
FN:269,h_alloc_data
FN:273,h_alloc_struct
FN:284,h_alloc_compact
FN:296,validate_object
FN:312,md_get_format_string
FN:316,md_set_format_string
FN:324,md_get_bit_vector
FN:328,md_set_bit_vector
FN:336,md_get_forwarding_address
FN:340,md_set_forwarding_address
FN:348,md_get_copied_flag
FN:352,md_set_copied_flag
FN:356,fs_get_object_size
FN:360,fs_get_pointers_within_object
FN:425,update_objects_pointers
FNDA:6,h_init
FNDA:3,h_delete
FNDA:1,h_avail
FNDA:1,h_used
FNDA:1337,get_heap_start
FNDA:859,get_heap_end
FNDA:23,fs_calculate_size
FNDA:0,post_compact_page_reset
FNDA:32,get_allocation_page
FNDA:29,h_alloc
FNDA:7,h_alloc_data
FNDA:22,h_alloc_struct
FNDA:0,h_alloc_compact
FNDA:5,validate_object
FNDA:44,md_get_format_string
FNDA:31,md_set_format_string
FNDA:1,md_get_bit_vector
FNDA:30,md_set_bit_vector
FNDA:1,md_get_forwarding_address
FNDA:30,md_set_forwarding_address
FNDA:1,md_get_copied_flag
FNDA:30,md_set_copied_flag
FNDA:1,fs_get_object_size
FNDA:6,fs_get_pointers_within_object
FNDA:0,update_objects_pointers
FNF:25
FNH:22
DA:10,6
DA:12,0
DA:15,6
DA:20,6
DA:21,6
DA:22,6
DA:23,6
DA:24,6
DA:25,6
DA:26,6
DA:27,6
DA:28,6
DA:29,6
DA:30,6
DA:31,6
DA:34,6
DA:35,6
DA:37,24
DA:39,6
DA:40,6
DA:41,18
DA:42,6
DA:43,6
DA:44,18
DA:46,6
DA:47,6
DA:48,6
DA:49,6
DA:53,6
DA:54,6
DA:57,3
DA:58,3
DA:59,3
DA:60,3
DA:63,1
DA:67,1
DA:71,1337
DA:75,859
DA:92,23
DA:93,23
DA:95,23
DA:97,190
DA:98,94
DA:99,0
DA:100,0
DA:101,72
DA:105,135
DA:106,45
DA:107,45
DA:110,54
DA:111,18
DA:112,18
DA:115,0
DA:116,0
DA:117,0
DA:120,12
DA:121,4
DA:122,4
DA:125,0
DA:126,0
DA:127,0
DA:130,0
DA:131,0
DA:132,0
DA:135,10
DA:137,5
DA:138,5
DA:139,5
DA:141,0
DA:143,5
DA:145,72
DA:146,23
DA:147,23
DA:150,0
DA:152,0
DA:154,0
DA:156,0
DA:158,0
DA:161,0
DA:162,0
DA:164,0
DA:165,0
DA:167,0
DA:168,0
DA:170,0
DA:174,0
DA:176,0
DA:177,0
DA:181,32
DA:182,0
DA:183,0
DA:184,32
DA:186,32
DA:188,64
DA:191,27
DA:193,27
DA:196,0
DA:197,0
DA:201,5
DA:202,5
DA:203,10
DA:206,5
DA:208,5
DA:212,5
DA:214,5
DA:215,0
DA:216,0
DA:217,5
DA:219,5
DA:221,0
DA:225,5
DA:227,5
DA:228,5
DA:230,0
DA:232,5
DA:233,5
DA:237,0
DA:238,0
DA:241,0
DA:242,32
DA:245,29
DA:246,29
DA:248,58
DA:250,29
DA:252,29
DA:253,29
DA:254,29
DA:257,29
DA:258,29
DA:259,29
DA:260,29
DA:263,29
DA:265,0
DA:267,29
DA:270,7
DA:274,22
DA:275,22
DA:277,22
DA:280,0
DA:282,22
DA:285,0
DA:286,0
DA:287,0
DA:289,0
DA:292,0
DA:294,0
DA:298,5
DA:313,44
DA:317,31
DA:318,31
DA:325,1
DA:329,30
DA:330,30
DA:337,1
DA:341,30
DA:342,30
DA:349,1
DA:353,30
DA:354,30
DA:357,1
DA:361,6
DA:363,6
DA:365,6
DA:367,6
DA:369,32
DA:370,10
DA:375,30
DA:376,9
DA:377,9
DA:378,9
DA:379,6
DA:380,6
DA:383,1
DA:384,1
DA:385,1
DA:388,0
DA:389,0
DA:390,0
DA:393,0
DA:394,0
DA:395,0
DA:398,0
DA:399,0
DA:400,0
DA:403,0
DA:404,0
DA:405,0
DA:408,6
DA:410,3
DA:411,3
DA:412,3
DA:413,3
DA:414,0
DA:416,3
DA:418,0
DA:420,3
DA:421,10
DA:422,6
DA:423,6
DA:426,0
DA:428,0
DA:430,0
DA:432,0
DA:433,0
DA:438,0
DA:440,0
DA:441,0
DA:442,0
DA:443,0
DA:444,0
DA:445,0
DA:446,0
DA:449,0
DA:450,0
DA:451,0
DA:454,0
DA:455,0
DA:456,0
DA:459,0
DA:460,0
DA:461,0
DA:464,0
DA:465,0
DA:466,0
DA:469,0
DA:470,0
DA:471,0
DA:474,0
DA:476,0
DA:477,0
DA:478,0
DA:479,0
DA:480,0
DA:482,0
DA:483,0
DA:484,0
DA:485,0
LF:237
LH:138
end_of_record
TN:
SF:/Users/victoringman/Development/Shell/fladdermusen/linked_list.c
FN:14,LL_initRoot
FN:20,LL_createNode
FN:30,LL_getNext
FN:38,LL_getPrevious
FN:46,LL_getContent
FN:54,LL_getNodeAtIndex
FN:64,LL_getNodeIndex
FN:68,LL_insertSequentially
FN:83,LL_createAndInsertSequentially
FN:93,LL_insertComparatively
FN:122,LL_createAndInsertComparatively
FN:131,LL_removePointer
FN:162,LL_removeIndex
FN:199,LL_deletePointer
FN:206,LL_deleteIndex
FN:213,LL_purgePointer
FN:217,LL_purgeIndex
FN:221,LL_deleteList
FN:228,LL_purgeList
FN:235,LL_purgeNode
FN:246,LL_length
FN:257,LL_isEmpty
FN:262,LL_isValid
FN:278,LL_isValidAux
FN:291,LL_map
FN:300,LL_search
FNDA:31,LL_initRoot
FNDA:34,LL_createNode
FNDA:88,LL_getNext
FNDA:0,LL_getPrevious
FNDA:176,LL_getContent
FNDA:1,LL_getNodeAtIndex
FNDA:0,LL_getNodeIndex
FNDA:34,LL_insertSequentially
FNDA:34,LL_createAndInsertSequentially
FNDA:0,LL_insertComparatively
FNDA:0,LL_createAndInsertComparatively
FNDA:0,LL_removePointer
FNDA:0,LL_removeIndex
FNDA:0,LL_deletePointer
FNDA:0,LL_deleteIndex
FNDA:0,LL_purgePointer
FNDA:0,LL_purgeIndex
FNDA:0,LL_deleteList
FNDA:0,LL_purgeList
FNDA:0,LL_purgeNode
FNDA:7,LL_length
FNDA:8,LL_isEmpty
FNDA:0,LL_isValid
FNDA:0,LL_isValidAux
FNDA:26,LL_map
FNDA:0,LL_search
FNF:26
FNH:10
DA:15,31
DA:16,31
DA:17,31
DA:21,34
DA:22,34
DA:23,34
DA:24,34
DA:25,34
DA:31,88
DA:32,88
DA:34,0
DA:36,88
DA:39,0
DA:40,0
DA:42,0
DA:44,0
DA:47,176
DA:48,176
DA:50,0
DA:52,176
DA:55,1
DA:56,1
DA:57,4
DA:58,0
DA:59,0
DA:61,1
DA:64,0
DA:70,34
DA:71,14
DA:72,14
DA:73,20
DA:74,106
DA:75,33
DA:77,20
DA:78,20
DA:80,34
DA:84,34
DA:85,34
DA:86,34
DA:95,0
DA:96,0
DA:98,0
DA:99,0
DA:101,0
DA:102,0
DA:103,0
DA:104,0
DA:105,0
DA:106,0
DA:107,0
DA:108,0
DA:109,0
DA:110,0
DA:112,0
DA:113,0
DA:114,0
DA:115,0
DA:116,0
DA:117,0
DA:119,0
DA:120,0
DA:124,0
DA:125,0
DA:126,0
DA:132,0
DA:133,0
DA:134,0
DA:136,0
DA:137,0
DA:138,0
DA:139,0
DA:140,0
DA:144,0
DA:146,0
DA:147,0
DA:150,0
DA:151,0
DA:152,0
DA:153,0
DA:154,0
DA:155,0
DA:157,0
DA:160,0
DA:163,0
DA:165,0
DA:166,0
DA:168,0
DA:169,0
DA:170,0
DA:171,0
DA:172,0
DA:173,0
DA:178,0
DA:180,0
DA:181,0
DA:182,0
DA:183,0
DA:186,0
DA:187,0
DA:188,0
DA:189,0
DA:190,0
DA:191,0
DA:192,0
DA:194,0
DA:197,0
DA:200,0
DA:201,0
DA:202,0
DA:203,0
DA:207,0
DA:208,0
DA:209,0
DA:210,0
DA:214,0
DA:215,0
DA:218,0
DA:219,0
DA:222,0
DA:223,0
DA:224,0
DA:225,0
DA:226,0
DA:229,0
DA:230,0
DA:231,0
DA:232,0
DA:233,0
DA:236,0
DA:237,0
DA:238,0
DA:247,7
DA:248,7
DA:250,62
DA:251,24
DA:252,24
DA:254,7
DA:258,8
DA:264,0
DA:265,0
DA:268,0
DA:272,0
DA:274,0
DA:276,0
DA:279,0
DA:281,0
DA:282,0
DA:284,0
DA:287,0
DA:289,0
DA:292,26
DA:294,178
DA:295,63
DA:296,63
DA:298,26
DA:302,0
DA:303,0
DA:304,0
DA:305,0
DA:308,0
DA:309,0
DA:311,0
DA:313,0
DA:316,0
DA:317,0
LF:165
LH:42
end_of_record
TN:
SF:/Users/victoringman/Development/Shell/fladdermusen/stack_traverser.c
FN:9,is_pointing_at_heap
FN:23,get_stack_top
FN:28,get_alive_stack_pointers
FN:78,print_stack_list
FNDA:1337,is_pointing_at_heap
FNDA:3,get_stack_top
FNDA:2,get_alive_stack_pointers
FNDA:0,print_stack_list
FNF:4
FNH:3
DA:10,1337
DA:11,1337
DA:12,1337
DA:13,1337
DA:15,2196
DA:16,3
DA:17,3
DA:20,1334
DA:21,1337
DA:25,3
DA:29,2
DA:30,2
DA:31,2
DA:34,2
DA:35,2
DA:38,2
DA:39,0
DA:40,0
DA:41,0
DA:42,0
DA:43,0
DA:44,0
DA:46,0
DA:47,0
DA:48,0
DA:49,0
DA:50,0
DA:51,0
DA:53,0
DA:55,2
DA:56,2676
DA:57,1336
DA:58,1336
DA:59,1336
DA:60,3
DA:61,3
DA:63,3
DA:64,3
DA:65,3
DA:66,3
DA:67,1336
DA:68,1336
DA:71,2
DA:72,2
DA:73,2
DA:75,2
DA:79,0
DA:80,0
DA:81,0
DA:83,0
DA:84,0
DA:85,0
DA:86,0
DA:87,0
DA:88,0
DA:89,0
DA:90,0
DA:91,0
DA:92,0
DA:94,0
LF:60
LH:33
end_of_record
TN:
SF:/Users/victoringman/Development/Shell/fladdermusen/traverser.c
FN:54,printAddress_bak
FN:58,printAddress
FN:62,traverse_pointers_from_LL
FNDA:0,printAddress_bak
FNDA:63,printAddress
FNDA:18,traverse_pointers_from_LL
FNF:3
FNH:2
DA:55,0
DA:56,0
DA:59,63
DA:60,63
DA:64,18
DA:65,26
DA:67,7
DA:68,7
DA:70,7
DA:71,45
DA:73,18
DA:74,1
DA:75,1
DA:78,17
DA:83,17
DA:84,0
DA:85,0
DA:86,17
DA:87,17
DA:88,17
DA:89,17
DA:91,17
DA:92,4
DA:93,4
DA:96,13
DA:98,13
DA:99,3
DA:100,3
DA:101,3
DA:103,13
DA:104,13
DA:106,13
DA:107,3
DA:108,3
DA:109,3
DA:111,13
DA:112,2
DA:113,2
DA:114,2
DA:115,11
DA:118,13
DA:120,2
DA:121,10
DA:122,3
DA:124,3
DA:127,2
DA:129,13
DA:132,7
DA:133,7
DA:135,7
DA:136,20
DA:138,3
DA:139,3
DA:142,7
DA:143,7
DA:145,7
DA:149,11
DA:153,18
LF:58
LH:54
end_of_record
